c:\users\mvelegonda\desktop\portal2d\portal2d\debug\vc120.pdb
c:\users\mvelegonda\desktop\portal2d\portal2d\debug\spritedemomanager.obj
c:\users\mvelegonda\desktop\portal2d\portal2d\debug\shapedraw.obj
c:\users\mvelegonda\desktop\portal2d\portal2d\debug\renderingmanager.obj
c:\users\mvelegonda\desktop\portal2d\portal2d\debug\random.obj
c:\users\mvelegonda\desktop\portal2d\portal2d\debug\physicsmanager.obj
c:\users\mvelegonda\desktop\portal2d\portal2d\debug\openglstuff.obj
c:\users\mvelegonda\desktop\portal2d\portal2d\debug\openglframework.obj
c:\users\mvelegonda\desktop\portal2d\portal2d\debug\object.obj
c:\users\mvelegonda\desktop\portal2d\portal2d\debug\memorymanager.obj
c:\users\mvelegonda\desktop\portal2d\portal2d\debug\levelmanager.obj
c:\users\mvelegonda\desktop\portal2d\portal2d\debug\keyprocess.obj
c:\users\mvelegonda\desktop\portal2d\portal2d\debug\inputmanager.obj
c:\users\mvelegonda\desktop\portal2d\portal2d\debug\game.obj
c:\users\mvelegonda\desktop\portal2d\portal2d\debug\filemanager.obj
c:\users\mvelegonda\desktop\portal2d\portal2d\debug\fieldmanager.obj
c:\users\mvelegonda\desktop\portal2d\portal2d\debug\field.obj
c:\users\mvelegonda\desktop\portal2d\portal2d\debug\ballmanager.obj
c:\users\mvelegonda\desktop\portal2d\portal2d\debug\ball.obj
c:\users\mvelegonda\desktop\portal2d\portal2d\debug\audiomanager.obj
c:\users\mvelegonda\desktop\portal2d\portal2d\debug\animationmanager.obj
c:\users\mvelegonda\desktop\portal2d\portal2d\debug\statemanager.obj
c:\users\mvelegonda\desktop\portal2d\portal2d\debug\opengl framework.ilk
c:\users\mvelegonda\desktop\portal2d\portal2d\debug\opengl framework.exe
c:\users\mvelegonda\desktop\portal2d\portal2d\debug\opengl framework.pdb
c:\users\mvelegonda\desktop\portal2d\portal2d\debug\opengl framework.tlog\cl.command.1.tlog
c:\users\mvelegonda\desktop\portal2d\portal2d\debug\opengl framework.tlog\cl.read.1.tlog
c:\users\mvelegonda\desktop\portal2d\portal2d\debug\opengl framework.tlog\cl.write.1.tlog
c:\users\mvelegonda\desktop\portal2d\portal2d\debug\opengl framework.tlog\link.command.1.tlog
c:\users\mvelegonda\desktop\portal2d\portal2d\debug\opengl framework.tlog\link.read.1.tlog
c:\users\mvelegonda\desktop\portal2d\portal2d\debug\opengl framework.tlog\link.write.1.tlog
